app/build/intermediates/manifest_merge_blame_file/release/manifest-merger-blame-release-report.txt
1<?xml version="1.0" encoding="utf-8"?>
2<manifest xmlns:android="http://schemas.android.com/apk/res/android"
3    package="com.projctrfade.safdjw"
4    android:versionCode="3"
5    android:versionName="3.0" >
6
7    <uses-sdk
8        android:minSdkVersion="21"
8-->src\main\AndroidManifest.xml
9        android:targetSdkVersion="30" />
9-->src\main\AndroidManifest.xml
10
11    <uses-permission android:name="android.permission.READ_EXTERNAL_STORAGE" />
11-->src\main\AndroidManifest.xml:5:5-80
11-->src\main\AndroidManifest.xml:5:22-77
12    <uses-permission android:name="android.permission.WRITE_EXTERNAL_STORAGE" />
12-->src\main\AndroidManifest.xml:6:5-81
12-->src\main\AndroidManifest.xml:6:22-78
13    <uses-permission android:name="android.permission.INTERNET" />
13-->src\main\AndroidManifest.xml:7:5-67
13-->src\main\AndroidManifest.xml:7:22-64
14    <uses-permission android:name="android.permission.ACCESS_NETWORK_STATE" />
14-->src\main\AndroidManifest.xml:8:5-79
14-->src\main\AndroidManifest.xml:8:22-76
15    <uses-permission android:name="android.permission.ACCESS_WIFI_STATE" />
15-->src\main\AndroidManifest.xml:9:5-76
15-->src\main\AndroidManifest.xml:9:22-73
16    <uses-permission android:name="android.permission.ACCESS_NETWORK_STATE" />
16-->src\main\AndroidManifest.xml:8:5-79
16-->src\main\AndroidManifest.xml:8:22-76
17
18    <uses-feature
18-->src\main\AndroidManifest.xml:11:5-13:36
19        android:name="android.hardware.camera"
19-->src\main\AndroidManifest.xml:12:9-47
20        android:required="false" />
20-->src\main\AndroidManifest.xml:13:9-33
21
22    <uses-permission
22-->src\main\AndroidManifest.xml:15:5-17:36
23        android:name="android.permission.CAMERA"
23-->src\main\AndroidManifest.xml:16:9-49
24        android:required="false" />
24-->src\main\AndroidManifest.xml:17:9-33
25
26    <!-- Create a unique permission for your app and use it so only your app can receive your OneSignal messages. -->
27    <permission
27-->[com.onesignal:OneSignal:4.1.0] AndroidManifest.xml:7:5-9:47
28        android:name="com.projctrfade.safdjw.permission.C2D_MESSAGE"
28-->[com.onesignal:OneSignal:4.1.0] AndroidManifest.xml:8:9-63
29        android:protectionLevel="signature" />
29-->[com.onesignal:OneSignal:4.1.0] AndroidManifest.xml:9:9-44
30
31    <uses-permission android:name="com.projctrfade.safdjw.permission.C2D_MESSAGE" /> <!-- c2dm RECEIVE are basic requirements for push messages through Google's FCM -->
31-->[com.onesignal:OneSignal:4.1.0] AndroidManifest.xml:11:5-79
31-->[com.onesignal:OneSignal:4.1.0] AndroidManifest.xml:11:22-76
32    <uses-permission android:name="com.google.android.c2dm.permission.RECEIVE" /> <!-- Required, makes sure notifications are delivered on time. -->
32-->[com.onesignal:OneSignal:4.1.0] AndroidManifest.xml:17:5-82
32-->[com.onesignal:OneSignal:4.1.0] AndroidManifest.xml:17:22-79
33    <uses-permission android:name="android.permission.WAKE_LOCK" />
33-->[com.onesignal:OneSignal:4.1.0] AndroidManifest.xml:18:5-68
33-->[com.onesignal:OneSignal:4.1.0] AndroidManifest.xml:18:22-65
34    <!--
35 Required so the device vibrates on receiving a push notification.
36         Vibration settings of the device still apply.
37    -->
38    <uses-permission android:name="android.permission.VIBRATE" />
38-->[com.onesignal:OneSignal:4.1.0] AndroidManifest.xml:23:5-66
38-->[com.onesignal:OneSignal:4.1.0] AndroidManifest.xml:23:22-63
39    <!--
40 Use to restore notifications the user hasn't interacted with.
41         They could be missed notifications if the user reboots their device if this isn't in place.
42    -->
43    <uses-permission android:name="android.permission.RECEIVE_BOOT_COMPLETED" /> <!-- START: ShortcutBadger -->
43-->[com.onesignal:OneSignal:4.1.0] AndroidManifest.xml:29:5-81
43-->[com.onesignal:OneSignal:4.1.0] AndroidManifest.xml:29:22-78
44    <!-- Samsung -->
45    <uses-permission android:name="com.sec.android.provider.badge.permission.READ" />
45-->[com.onesignal:OneSignal:4.1.0] AndroidManifest.xml:31:5-86
45-->[com.onesignal:OneSignal:4.1.0] AndroidManifest.xml:31:22-83
46    <uses-permission android:name="com.sec.android.provider.badge.permission.WRITE" /> <!-- HTC -->
46-->[com.onesignal:OneSignal:4.1.0] AndroidManifest.xml:32:5-87
46-->[com.onesignal:OneSignal:4.1.0] AndroidManifest.xml:32:22-84
47    <uses-permission android:name="com.htc.launcher.permission.READ_SETTINGS" />
47-->[com.onesignal:OneSignal:4.1.0] AndroidManifest.xml:33:5-81
47-->[com.onesignal:OneSignal:4.1.0] AndroidManifest.xml:33:22-78
48    <uses-permission android:name="com.htc.launcher.permission.UPDATE_SHORTCUT" /> <!-- Sony -->
48-->[com.onesignal:OneSignal:4.1.0] AndroidManifest.xml:34:5-83
48-->[com.onesignal:OneSignal:4.1.0] AndroidManifest.xml:34:22-80
49    <uses-permission android:name="com.sonyericsson.home.permission.BROADCAST_BADGE" />
49-->[com.onesignal:OneSignal:4.1.0] AndroidManifest.xml:35:5-88
49-->[com.onesignal:OneSignal:4.1.0] AndroidManifest.xml:35:22-85
50    <uses-permission android:name="com.sonymobile.home.permission.PROVIDER_INSERT_BADGE" /> <!-- Apex -->
50-->[com.onesignal:OneSignal:4.1.0] AndroidManifest.xml:36:5-92
50-->[com.onesignal:OneSignal:4.1.0] AndroidManifest.xml:36:22-89
51    <uses-permission android:name="com.anddoes.launcher.permission.UPDATE_COUNT" /> <!-- Solid -->
51-->[com.onesignal:OneSignal:4.1.0] AndroidManifest.xml:37:5-84
51-->[com.onesignal:OneSignal:4.1.0] AndroidManifest.xml:37:22-81
52    <uses-permission android:name="com.majeur.launcher.permission.UPDATE_BADGE" /> <!-- Huawei -->
52-->[com.onesignal:OneSignal:4.1.0] AndroidManifest.xml:38:5-83
52-->[com.onesignal:OneSignal:4.1.0] AndroidManifest.xml:38:22-80
53    <uses-permission android:name="com.huawei.android.launcher.permission.CHANGE_BADGE" />
53-->[com.onesignal:OneSignal:4.1.0] AndroidManifest.xml:39:5-91
53-->[com.onesignal:OneSignal:4.1.0] AndroidManifest.xml:39:22-88
54    <uses-permission android:name="com.huawei.android.launcher.permission.READ_SETTINGS" />
54-->[com.onesignal:OneSignal:4.1.0] AndroidManifest.xml:40:5-92
54-->[com.onesignal:OneSignal:4.1.0] AndroidManifest.xml:40:22-89
55    <uses-permission android:name="com.huawei.android.launcher.permission.WRITE_SETTINGS" /> <!-- ZUK -->
55-->[com.onesignal:OneSignal:4.1.0] AndroidManifest.xml:41:5-93
55-->[com.onesignal:OneSignal:4.1.0] AndroidManifest.xml:41:22-90
56    <uses-permission android:name="android.permission.READ_APP_BADGE" /> <!-- OPPO -->
56-->[com.onesignal:OneSignal:4.1.0] AndroidManifest.xml:42:5-73
56-->[com.onesignal:OneSignal:4.1.0] AndroidManifest.xml:42:22-70
57    <uses-permission android:name="com.oppo.launcher.permission.READ_SETTINGS" />
57-->[com.onesignal:OneSignal:4.1.0] AndroidManifest.xml:43:5-82
57-->[com.onesignal:OneSignal:4.1.0] AndroidManifest.xml:43:22-79
58    <uses-permission android:name="com.oppo.launcher.permission.WRITE_SETTINGS" /> <!-- EvMe -->
58-->[com.onesignal:OneSignal:4.1.0] AndroidManifest.xml:44:5-83
58-->[com.onesignal:OneSignal:4.1.0] AndroidManifest.xml:44:22-80
59    <uses-permission android:name="me.everything.badger.permission.BADGE_COUNT_READ" />
59-->[com.onesignal:OneSignal:4.1.0] AndroidManifest.xml:45:5-88
59-->[com.onesignal:OneSignal:4.1.0] AndroidManifest.xml:45:22-85
60    <uses-permission android:name="me.everything.badger.permission.BADGE_COUNT_WRITE" />
60-->[com.onesignal:OneSignal:4.1.0] AndroidManifest.xml:46:5-89
60-->[com.onesignal:OneSignal:4.1.0] AndroidManifest.xml:46:22-86
61    <uses-permission android:name="com.google.android.finsky.permission.BIND_GET_INSTALL_REFERRER_SERVICE" />
61-->[com.android.installreferrer:installreferrer:2.2] AndroidManifest.xml:9:5-110
61-->[com.android.installreferrer:installreferrer:2.2] AndroidManifest.xml:9:22-107
62    <uses-permission android:name="android.permission.FOREGROUND_SERVICE" />
62-->[androidx.work:work-runtime:2.7.0-alpha05] AndroidManifest.xml:28:5-77
62-->[androidx.work:work-runtime:2.7.0-alpha05] AndroidManifest.xml:28:22-74
63
64    <application
64-->src\main\AndroidManifest.xml:18:5-62:19
65        android:name="com.projctrfade.safdjw.App"
65-->src\main\AndroidManifest.xml:20:9-28
66        android:allowBackup="true"
66-->src\main\AndroidManifest.xml:21:9-35
67        android:appComponentFactory="androidx.core.app.CoreComponentFactory"
67-->[androidx.core:core:1.6.0] AndroidManifest.xml:24:18-86
68        android:fullBackupContent="@xml/appsflyer_backup_rules"
68-->[com.appsflyer:af-android-sdk:6.0.0] AndroidManifest.xml:14:18-73
69        android:icon="@mipmap/ic_launcher"
69-->src\main\AndroidManifest.xml:22:9-43
70        android:label="@string/app_name"
70-->src\main\AndroidManifest.xml:23:9-41
71        android:roundIcon="@mipmap/ic_launcher_round"
71-->src\main\AndroidManifest.xml:24:9-54
72        android:supportsRtl="true"
72-->src\main\AndroidManifest.xml:25:9-35
73        android:theme="@style/AppTheme"
73-->src\main\AndroidManifest.xml:26:9-40
74        android:usesCleartextTraffic="true" >
74-->src\main\AndroidManifest.xml:19:9-44
75        <activity android:name="com.projctrfade.safdjw.ui.tasklistview.TaskListActivity" />
75-->src\main\AndroidManifest.xml:27:9-79
75-->src\main\AndroidManifest.xml:27:19-67
76        <activity android:name="com.projctrfade.safdjw.ui.managetaskview.TaskActivity" />
76-->src\main\AndroidManifest.xml:28:9-68
76-->src\main\AndroidManifest.xml:28:19-65
77        <activity android:name="com.projctrfade.safdjw.ui.managehourview.HourActivity" />
77-->src\main\AndroidManifest.xml:29:9-68
77-->src\main\AndroidManifest.xml:29:19-65
78        <activity
78-->src\main\AndroidManifest.xml:30:9-34:20
79            android:name="com.projctrfade.safdjw.ui.dayview.DayActivity"
79-->src\main\AndroidManifest.xml:30:19-57
80            android:screenOrientation="portrait" >
80-->src\main\AndroidManifest.xml:31:17-53
81        </activity>
82        <activity
82-->src\main\AndroidManifest.xml:37:9-42:65
83            android:name="com.projctrfade.safdjw.LoaderActivity"
83-->src\main\AndroidManifest.xml:38:13-43
84            android:configChanges="fontScale|keyboard|keyboardHidden|locale|mnc|mcc|navigation|orientation|screenLayout|screenSize|smallestScreenSize|uiMode|touchscreen"
84-->src\main\AndroidManifest.xml:39:13-170
85            android:launchMode="singleTask"
85-->src\main\AndroidManifest.xml:40:13-44
86            android:theme="@style/Theme.AppCompat.NoActionBar"
86-->src\main\AndroidManifest.xml:42:13-63
87            android:windowSoftInputMode="adjustResize|stateVisible|stateAlwaysHidden" />
87-->src\main\AndroidManifest.xml:41:13-86
88
89        <meta-data
89-->src\main\AndroidManifest.xml:44:9-46:55
90            android:name="com.facebook.sdk.ApplicationId"
90-->src\main\AndroidManifest.xml:45:13-58
91            android:value="@string/facebook_app_id" />
91-->src\main\AndroidManifest.xml:46:13-52
92
93        <receiver
93-->src\main\AndroidManifest.xml:48:9-54:20
94            android:name="com.appsflyer.SingleInstallBroadcastReceiver"
94-->src\main\AndroidManifest.xml:49:13-72
95            android:exported="true" >
95-->src\main\AndroidManifest.xml:50:13-36
96            <intent-filter>
96-->src\main\AndroidManifest.xml:51:13-53:29
97                <action android:name="com.android.vending.INSTALL_REFERRER" />
97-->src\main\AndroidManifest.xml:52:17-79
97-->src\main\AndroidManifest.xml:52:25-76
98            </intent-filter>
99        </receiver>
100
101        <activity android:name="com.projctrfade.safdjw.SplashActivity" >
101-->src\main\AndroidManifest.xml:55:9-61:20
101-->src\main\AndroidManifest.xml:55:19-49
102            <intent-filter>
102-->src\main\AndroidManifest.xml:56:13-60:29
103                <action android:name="android.intent.action.MAIN" />
103-->src\main\AndroidManifest.xml:57:17-69
103-->src\main\AndroidManifest.xml:57:25-66
104
105                <category android:name="android.intent.category.LAUNCHER" />
105-->src\main\AndroidManifest.xml:59:17-77
105-->src\main\AndroidManifest.xml:59:27-74
106            </intent-filter>
107        </activity>
108
109        <receiver
109-->[com.onesignal:OneSignal:4.1.0] AndroidManifest.xml:49:9-59:20
110            android:name="com.onesignal.FCMBroadcastReceiver"
110-->[com.onesignal:OneSignal:4.1.0] AndroidManifest.xml:50:13-62
111            android:permission="com.google.android.c2dm.permission.SEND" >
111-->[com.onesignal:OneSignal:4.1.0] AndroidManifest.xml:51:13-73
112
113            <!-- High priority so OneSignal payloads can be filtered from other FCM receivers -->
114            <intent-filter android:priority="999" >
114-->[com.onesignal:OneSignal:4.1.0] AndroidManifest.xml:54:13-58:29
114-->[com.onesignal:OneSignal:4.1.0] AndroidManifest.xml:54:28-50
115                <action android:name="com.google.android.c2dm.intent.RECEIVE" />
115-->[com.onesignal:OneSignal:4.1.0] AndroidManifest.xml:55:17-81
115-->[com.onesignal:OneSignal:4.1.0] AndroidManifest.xml:55:25-78
116
117                <category android:name="com.projctrfade.safdjw" />
117-->[com.onesignal:OneSignal:4.1.0] AndroidManifest.xml:57:17-61
117-->[com.onesignal:OneSignal:4.1.0] AndroidManifest.xml:57:27-58
118            </intent-filter>
119        </receiver>
120
121        <service
121-->[com.onesignal:OneSignal:4.1.0] AndroidManifest.xml:61:9-67:19
122            android:name="com.onesignal.HmsMessageServiceOneSignal"
122-->[com.onesignal:OneSignal:4.1.0] AndroidManifest.xml:62:13-68
123            android:exported="false" >
123-->[com.onesignal:OneSignal:4.1.0] AndroidManifest.xml:63:13-37
124            <intent-filter>
124-->[com.onesignal:OneSignal:4.1.0] AndroidManifest.xml:64:13-66:29
125                <action android:name="com.huawei.push.action.MESSAGING_EVENT" />
125-->[com.onesignal:OneSignal:4.1.0] AndroidManifest.xml:65:17-81
125-->[com.onesignal:OneSignal:4.1.0] AndroidManifest.xml:65:25-78
126            </intent-filter>
127        </service>
128
129        <activity
129-->[com.onesignal:OneSignal:4.1.0] AndroidManifest.xml:69:9-76:20
130            android:name="com.onesignal.NotificationOpenedActivityHMS"
130-->[com.onesignal:OneSignal:4.1.0] AndroidManifest.xml:70:13-71
131            android:noHistory="true"
131-->[com.onesignal:OneSignal:4.1.0] AndroidManifest.xml:71:13-37
132            android:theme="@android:style/Theme.Translucent.NoTitleBar" >
132-->[com.onesignal:OneSignal:4.1.0] AndroidManifest.xml:72:13-72
133            <intent-filter>
133-->[com.onesignal:OneSignal:4.1.0] AndroidManifest.xml:73:13-75:29
134                <action android:name="android.intent.action.VIEW" />
134-->[com.onesignal:OneSignal:4.1.0] AndroidManifest.xml:74:17-69
134-->[com.onesignal:OneSignal:4.1.0] AndroidManifest.xml:74:25-66
135            </intent-filter>
136        </activity>
137
138        <service android:name="com.onesignal.FCMIntentService" />
138-->[com.onesignal:OneSignal:4.1.0] AndroidManifest.xml:78:9-66
138-->[com.onesignal:OneSignal:4.1.0] AndroidManifest.xml:78:18-63
139        <service
139-->[com.onesignal:OneSignal:4.1.0] AndroidManifest.xml:79:9-81:72
140            android:name="com.onesignal.FCMIntentJobService"
140-->[com.onesignal:OneSignal:4.1.0] AndroidManifest.xml:80:13-61
141            android:permission="android.permission.BIND_JOB_SERVICE" />
141-->[com.onesignal:OneSignal:4.1.0] AndroidManifest.xml:81:13-69
142        <service
142-->[com.onesignal:OneSignal:4.1.0] AndroidManifest.xml:82:9-84:43
143            android:name="com.onesignal.FocusDelaySyncService"
143-->[com.onesignal:OneSignal:4.1.0] AndroidManifest.xml:83:13-63
144            android:stopWithTask="true" />
144-->[com.onesignal:OneSignal:4.1.0] AndroidManifest.xml:84:13-40
145        <service
145-->[com.onesignal:OneSignal:4.1.0] AndroidManifest.xml:85:9-87:72
146            android:name="com.onesignal.FocusDelaySyncJobService"
146-->[com.onesignal:OneSignal:4.1.0] AndroidManifest.xml:86:13-66
147            android:permission="android.permission.BIND_JOB_SERVICE" />
147-->[com.onesignal:OneSignal:4.1.0] AndroidManifest.xml:87:13-69
148        <service
148-->[com.onesignal:OneSignal:4.1.0] AndroidManifest.xml:88:9-90:43
149            android:name="com.onesignal.SyncService"
149-->[com.onesignal:OneSignal:4.1.0] AndroidManifest.xml:89:13-53
150            android:stopWithTask="true" />
150-->[com.onesignal:OneSignal:4.1.0] AndroidManifest.xml:90:13-40
151        <service
151-->[com.onesignal:OneSignal:4.1.0] AndroidManifest.xml:91:9-93:72
152            android:name="com.onesignal.SyncJobService"
152-->[com.onesignal:OneSignal:4.1.0] AndroidManifest.xml:92:13-56
153            android:permission="android.permission.BIND_JOB_SERVICE" />
153-->[com.onesignal:OneSignal:4.1.0] AndroidManifest.xml:93:13-69
154
155        <activity
155-->[com.onesignal:OneSignal:4.1.0] AndroidManifest.xml:95:9-97:75
156            android:name="com.onesignal.PermissionsActivity"
156-->[com.onesignal:OneSignal:4.1.0] AndroidManifest.xml:96:13-61
157            android:theme="@android:style/Theme.Translucent.NoTitleBar" />
157-->[com.onesignal:OneSignal:4.1.0] AndroidManifest.xml:97:13-72
158
159        <receiver android:name="com.onesignal.NotificationDismissReceiver" />
159-->[com.onesignal:OneSignal:4.1.0] AndroidManifest.xml:99:9-78
159-->[com.onesignal:OneSignal:4.1.0] AndroidManifest.xml:99:19-75
160        <receiver android:name="com.onesignal.BootUpReceiver" >
160-->[com.onesignal:OneSignal:4.1.0] AndroidManifest.xml:100:9-105:20
160-->[com.onesignal:OneSignal:4.1.0] AndroidManifest.xml:100:19-62
161            <intent-filter>
161-->[com.onesignal:OneSignal:4.1.0] AndroidManifest.xml:101:13-104:29
162                <action android:name="android.intent.action.BOOT_COMPLETED" />
162-->[com.onesignal:OneSignal:4.1.0] AndroidManifest.xml:102:17-79
162-->[com.onesignal:OneSignal:4.1.0] AndroidManifest.xml:102:25-76
163                <action android:name="android.intent.action.QUICKBOOT_POWERON" />
163-->[com.onesignal:OneSignal:4.1.0] AndroidManifest.xml:103:17-82
163-->[com.onesignal:OneSignal:4.1.0] AndroidManifest.xml:103:25-79
164            </intent-filter>
165        </receiver>
166        <receiver android:name="com.onesignal.UpgradeReceiver" >
166-->[com.onesignal:OneSignal:4.1.0] AndroidManifest.xml:106:9-110:20
166-->[com.onesignal:OneSignal:4.1.0] AndroidManifest.xml:106:19-63
167            <intent-filter>
167-->[com.onesignal:OneSignal:4.1.0] AndroidManifest.xml:107:13-109:29
168                <action android:name="android.intent.action.MY_PACKAGE_REPLACED" />
168-->[com.onesignal:OneSignal:4.1.0] AndroidManifest.xml:108:17-84
168-->[com.onesignal:OneSignal:4.1.0] AndroidManifest.xml:108:25-81
169            </intent-filter>
170        </receiver>
171
172        <activity
172-->[com.onesignal:OneSignal:4.1.0] AndroidManifest.xml:112:9-115:75
173            android:name="com.onesignal.NotificationOpenedReceiver"
173-->[com.onesignal:OneSignal:4.1.0] AndroidManifest.xml:113:13-68
174            android:noHistory="true"
174-->[com.onesignal:OneSignal:4.1.0] AndroidManifest.xml:114:13-37
175            android:theme="@android:style/Theme.Translucent.NoTitleBar" />
175-->[com.onesignal:OneSignal:4.1.0] AndroidManifest.xml:115:13-72
176
177        <provider
177-->[com.squareup.picasso:picasso:2.71828] AndroidManifest.xml:8:9-11:40
178            android:name="com.squareup.picasso.PicassoProvider"
178-->[com.squareup.picasso:picasso:2.71828] AndroidManifest.xml:9:13-64
179            android:authorities="com.projctrfade.safdjw.com.squareup.picasso"
179-->[com.squareup.picasso:picasso:2.71828] AndroidManifest.xml:10:13-72
180            android:exported="false" />
180-->[com.squareup.picasso:picasso:2.71828] AndroidManifest.xml:11:13-37
181
182        <activity
182-->[com.facebook.android:facebook-common:5.15.3] AndroidManifest.xml:30:9-33:66
183            android:name="com.facebook.FacebookActivity"
183-->[com.facebook.android:facebook-common:5.15.3] AndroidManifest.xml:31:13-57
184            android:configChanges="keyboard|keyboardHidden|screenLayout|screenSize|orientation"
184-->[com.facebook.android:facebook-common:5.15.3] AndroidManifest.xml:32:13-96
185            android:theme="@style/com_facebook_activity_theme" />
185-->[com.facebook.android:facebook-common:5.15.3] AndroidManifest.xml:33:13-63
186        <activity android:name="com.facebook.CustomTabMainActivity" />
186-->[com.facebook.android:facebook-common:5.15.3] AndroidManifest.xml:34:9-71
186-->[com.facebook.android:facebook-common:5.15.3] AndroidManifest.xml:34:19-68
187        <activity
187-->[com.facebook.android:facebook-common:5.15.3] AndroidManifest.xml:35:9-49:20
188            android:name="com.facebook.CustomTabActivity"
188-->[com.facebook.android:facebook-common:5.15.3] AndroidManifest.xml:36:13-58
189            android:exported="true" >
189-->[com.facebook.android:facebook-common:5.15.3] AndroidManifest.xml:37:13-36
190            <intent-filter>
190-->[com.facebook.android:facebook-common:5.15.3] AndroidManifest.xml:39:13-48:29
191                <action android:name="android.intent.action.VIEW" />
191-->[com.onesignal:OneSignal:4.1.0] AndroidManifest.xml:74:17-69
191-->[com.onesignal:OneSignal:4.1.0] AndroidManifest.xml:74:25-66
192
193                <category android:name="android.intent.category.DEFAULT" />
193-->[com.facebook.android:facebook-common:5.15.3] AndroidManifest.xml:42:17-76
193-->[com.facebook.android:facebook-common:5.15.3] AndroidManifest.xml:42:27-73
194                <category android:name="android.intent.category.BROWSABLE" />
194-->[com.facebook.android:facebook-common:5.15.3] AndroidManifest.xml:43:17-78
194-->[com.facebook.android:facebook-common:5.15.3] AndroidManifest.xml:43:27-75
195
196                <data
196-->[com.facebook.android:facebook-common:5.15.3] AndroidManifest.xml:45:17-47:50
197                    android:host="cct.com.projctrfade.safdjw"
197-->[com.facebook.android:facebook-common:5.15.3] AndroidManifest.xml:46:21-56
198                    android:scheme="fbconnect" />
198-->[com.facebook.android:facebook-common:5.15.3] AndroidManifest.xml:47:21-47
199            </intent-filter>
200        </activity> <!-- Yandex Mobile Metrica Analytics: common service -->
201        <service
201-->[com.yandex.android:mobmetricalib:3.18.0] AndroidManifest.xml:26:9-43:19
202            android:name="com.yandex.metrica.MetricaService"
202-->[com.yandex.android:mobmetricalib:3.18.0] AndroidManifest.xml:27:13-61
203            android:enabled="true"
203-->[com.yandex.android:mobmetricalib:3.18.0] AndroidManifest.xml:28:13-35
204            android:exported="true"
204-->[com.yandex.android:mobmetricalib:3.18.0] AndroidManifest.xml:29:13-36
205            android:process=":Metrica" >
205-->[com.yandex.android:mobmetricalib:3.18.0] AndroidManifest.xml:30:13-39
206            <intent-filter>
206-->[com.yandex.android:mobmetricalib:3.18.0] AndroidManifest.xml:32:13-38:29
207                <category android:name="android.intent.category.DEFAULT" />
207-->[com.facebook.android:facebook-common:5.15.3] AndroidManifest.xml:42:17-76
207-->[com.facebook.android:facebook-common:5.15.3] AndroidManifest.xml:42:27-73
208
209                <action android:name="com.yandex.metrica.IMetricaService" />
209-->[com.yandex.android:mobmetricalib:3.18.0] AndroidManifest.xml:35:17-77
209-->[com.yandex.android:mobmetricalib:3.18.0] AndroidManifest.xml:35:25-74
210
211                <data android:scheme="metrica" />
211-->[com.facebook.android:facebook-common:5.15.3] AndroidManifest.xml:45:17-47:50
211-->[com.facebook.android:facebook-common:5.15.3] AndroidManifest.xml:47:21-47
212            </intent-filter>
213
214            <meta-data
214-->[com.yandex.android:mobmetricalib:3.18.0] AndroidManifest.xml:40:13-42:38
215                android:name="metrica:api:level"
215-->[com.yandex.android:mobmetricalib:3.18.0] AndroidManifest.xml:41:17-49
216                android:value="94" />
216-->[com.yandex.android:mobmetricalib:3.18.0] AndroidManifest.xml:42:17-35
217        </service>
218        <service
218-->[com.yandex.android:mobmetricalib:3.18.0] AndroidManifest.xml:44:9-60:19
219            android:name="com.yandex.metrica.ConfigurationService"
219-->[com.yandex.android:mobmetricalib:3.18.0] AndroidManifest.xml:45:13-67
220            android:enabled="true"
220-->[com.yandex.android:mobmetricalib:3.18.0] AndroidManifest.xml:46:13-35
221            android:exported="false"
221-->[com.yandex.android:mobmetricalib:3.18.0] AndroidManifest.xml:47:13-37
222            android:process=":Metrica" >
222-->[com.yandex.android:mobmetricalib:3.18.0] AndroidManifest.xml:48:13-39
223            <meta-data
223-->[com.yandex.android:mobmetricalib:3.18.0] AndroidManifest.xml:50:13-52:37
224                android:name="metrica:configuration:api:level"
224-->[com.yandex.android:mobmetricalib:3.18.0] AndroidManifest.xml:51:17-63
225                android:value="3" />
225-->[com.yandex.android:mobmetricalib:3.18.0] AndroidManifest.xml:52:17-34
226
227            <intent-filter>
227-->[com.yandex.android:mobmetricalib:3.18.0] AndroidManifest.xml:54:13-59:29
228
229                <!-- This action was used by old background location collecting and should not be used again -->
230                <!-- <action android:name="com.yandex.metrica.configuration.ACTION_START"/> -->
231                <action android:name="com.yandex.metrica.configuration.ACTION_INIT" />
231-->[com.yandex.android:mobmetricalib:3.18.0] AndroidManifest.xml:58:17-87
231-->[com.yandex.android:mobmetricalib:3.18.0] AndroidManifest.xml:58:25-84
232            </intent-filter>
233        </service>
234        <service
234-->[com.yandex.android:mobmetricalib:3.18.0] AndroidManifest.xml:61:9-67:19
235            android:name="com.yandex.metrica.ConfigurationJobService"
235-->[com.yandex.android:mobmetricalib:3.18.0] AndroidManifest.xml:62:13-70
236            android:enabled="true"
236-->[com.yandex.android:mobmetricalib:3.18.0] AndroidManifest.xml:63:13-35
237            android:exported="false"
237-->[com.yandex.android:mobmetricalib:3.18.0] AndroidManifest.xml:64:13-37
238            android:permission="android.permission.BIND_JOB_SERVICE"
238-->[com.yandex.android:mobmetricalib:3.18.0] AndroidManifest.xml:65:13-69
239            android:process=":Metrica" >
239-->[com.yandex.android:mobmetricalib:3.18.0] AndroidManifest.xml:66:13-39
240        </service> <!-- Yandex Mobile Metrica Analytics: main receiver -->
241        <receiver
241-->[com.yandex.android:mobmetricalib:3.18.0] AndroidManifest.xml:70:9-78:20
242            android:name="com.yandex.metrica.MetricaEventHandler"
242-->[com.yandex.android:mobmetricalib:3.18.0] AndroidManifest.xml:71:13-66
243            android:enabled="true"
243-->[com.yandex.android:mobmetricalib:3.18.0] AndroidManifest.xml:72:13-35
244            android:exported="true" >
244-->[com.yandex.android:mobmetricalib:3.18.0] AndroidManifest.xml:73:13-36
245            <intent-filter>
245-->src\main\AndroidManifest.xml:51:13-53:29
246                <action android:name="com.android.vending.INSTALL_REFERRER" />
246-->src\main\AndroidManifest.xml:52:17-79
246-->src\main\AndroidManifest.xml:52:25-76
247            </intent-filter>
248        </receiver>
249        <receiver
249-->[com.yandex.android:mobmetricalib:3.18.0] AndroidManifest.xml:79:9-88:20
250            android:name="com.yandex.metrica.ConfigurationServiceReceiver"
250-->[com.yandex.android:mobmetricalib:3.18.0] AndroidManifest.xml:80:13-75
251            android:enabled="true"
251-->[com.yandex.android:mobmetricalib:3.18.0] AndroidManifest.xml:81:13-35
252            android:exported="true"
252-->[com.yandex.android:mobmetricalib:3.18.0] AndroidManifest.xml:82:13-36
253            android:process=":Metrica" >
253-->[com.yandex.android:mobmetricalib:3.18.0] AndroidManifest.xml:83:13-39
254            <intent-filter>
254-->[com.yandex.android:mobmetricalib:3.18.0] AndroidManifest.xml:85:13-87:29
255                <action android:name="com.yandex.metrica.configuration.service.PLC" />
255-->[com.yandex.android:mobmetricalib:3.18.0] AndroidManifest.xml:86:17-87
255-->[com.yandex.android:mobmetricalib:3.18.0] AndroidManifest.xml:86:25-84
256            </intent-filter>
257        </receiver>
258
259        <provider
259-->[com.yandex.android:mobmetricalib:3.18.0] AndroidManifest.xml:90:9-97:20
260            android:name="com.yandex.metrica.PreloadInfoContentProvider"
260-->[com.yandex.android:mobmetricalib:3.18.0] AndroidManifest.xml:91:13-73
261            android:authorities="com.projctrfade.safdjw.appmetrica.preloadinfo.retail"
261-->[com.yandex.android:mobmetricalib:3.18.0] AndroidManifest.xml:92:13-81
262            android:enabled="true"
262-->[com.yandex.android:mobmetricalib:3.18.0] AndroidManifest.xml:93:13-35
263            android:exported="true"
263-->[com.yandex.android:mobmetricalib:3.18.0] AndroidManifest.xml:94:13-36
264            android:process=":Metrica" >
264-->[com.yandex.android:mobmetricalib:3.18.0] AndroidManifest.xml:95:13-39
265        </provider>
266        <!--
267         The initialization ContentProvider will call FacebookSdk.sdkInitialize automatically
268         with the application context. This config is merged in with the host app's manifest,
269         but there can only be one provider with the same authority activated at any given
270         point; so if the end user has two or more different apps that use Facebook SDK, only the
271         first one will be able to use the provider. To work around this problem, we use the
272         following placeholder in the authority to identify each host application as if it was
273         a completely different provider.
274        -->
275        <provider
275-->[com.facebook.android:facebook-core:5.15.3] AndroidManifest.xml:39:9-42:40
276            android:name="com.facebook.internal.FacebookInitProvider"
276-->[com.facebook.android:facebook-core:5.15.3] AndroidManifest.xml:40:13-70